<?xml version="1.0" encoding="UTF-8"?>
<testng-results ignored="0" total="1" passed="1" failed="0" skipped="0">
  <reporter-output>
  </reporter-output>
  <suite started-at="2024-02-19T12:21:29 IST" name="Default suite" finished-at="2024-02-19T12:21:50 IST" duration-ms="21204">
    <groups>
    </groups>
    <test started-at="2024-02-19T12:21:29 IST" name="Default test" finished-at="2024-02-19T12:21:50 IST" duration-ms="21204">
      <class name="orangeHRM.OrangeHRMSite">
        <test-method signature="Login()[pri:0, instance:orangeHRM.OrangeHRMSite@3349e9bb]" started-at="2024-02-19T12:21:29 IST" name="Login" finished-at="2024-02-19T12:21:50 IST" duration-ms="21116" status="PASS">
          <reporter-output>
          </reporter-output>
        </test-method> <!-- Login -->
      </class> <!-- orangeHRM.OrangeHRMSite -->
    </test> <!-- Default test -->
  </suite> <!-- Default suite -->
</testng-results>
