<?xml version="1.0" encoding="UTF-8"?>
<testng-results ignored="0" total="1" passed="1" failed="0" skipped="0">
  <reporter-output>
  </reporter-output>
  <suite started-at="2024-02-20T11:03:27 IST" name="Default suite" finished-at="2024-02-20T11:03:47 IST" duration-ms="19926">
    <groups>
    </groups>
    <test started-at="2024-02-20T11:03:27 IST" name="Default test" finished-at="2024-02-20T11:03:47 IST" duration-ms="19926">
      <class name="orangeHRM.OrangeHRMSite">
        <test-method signature="Login()[pri:0, instance:orangeHRM.OrangeHRMSite@3349e9bb]" started-at="2024-02-20T11:03:27 IST" name="Login" finished-at="2024-02-20T11:03:47 IST" duration-ms="19884" status="PASS">
          <reporter-output>
          </reporter-output>
        </test-method> <!-- Login -->
      </class> <!-- orangeHRM.OrangeHRMSite -->
    </test> <!-- Default test -->
  </suite> <!-- Default suite -->
</testng-results>
